<?xml version="1.0" encoding="UTF-8"?>
<!-- Generated by org.testng.reporters.JUnitXMLReporter -->
<testsuite ignored="0" hostname="EC2AMAZ-S11DBRH" failures="1" tests="3" name="Test" time="14.985" errors="0" timestamp="2023-07-19T07:08:58 GMT">
  <testcase classname="testScripts.browserLoginPage" name="@BeforeMethod Setup" time="-1.689750538422E9">
    <failure type="org.testng.TestNGException" message="
Can inject only one of &amp;lt;ITestContext, XmlTest, Method, Object[], ITestResult&amp;gt; into a @BeforeMethod annotated Setup.
For more information on native dependency injection please refer to https://testng.org/doc/documentation-main.html#native-dependency-injection">
      <![CDATA[org.testng.TestNGException: 
Can inject only one of <ITestContext, XmlTest, Method, Object[], ITestResult> into a @BeforeMethod annotated Setup.
For more information on native dependency injection please refer to https://testng.org/doc/documentation-main.html#native-dependency-injection
at java.base/java.util.ArrayList.forEach(ArrayList.java:1511)
... Removed 28 stack frames]]>
    </failure>
  </testcase> <!-- @BeforeMethod Setup -->
  <testcase classname="testScripts.GoogleSearch" name="JavaTutorial_Search" time="4.074"/>
  <testcase classname="testScripts.GoogleSearch" name="SeleniumTutorial_Search" time="4.458">
    <failure type="java.lang.AssertionError" message="expected [elenium Tutorial - Google Search] but found [Selenium Tutorial - Google Search]">
      <![CDATA[java.lang.AssertionError: expected [elenium Tutorial - Google Search] but found [Selenium Tutorial - Google Search]
at testScripts.GoogleSearch.SeleniumTutorial_Search(GoogleSearch.java:82)
at java.base/java.util.ArrayList.forEach(ArrayList.java:1511)
... Removed 33 stack frames]]>
    </failure>
  </testcase> <!-- SeleniumTutorial_Search -->
  <testcase classname="testScripts.browserLoginPage" name="loadBrowser" time="0.0">
    <skipped/>
  </testcase> <!-- loadBrowser -->
</testsuite> <!-- Test -->
