<?xml version="1.0" encoding="UTF-8"?>
<testng-results ignored="0" total="1" passed="1" failed="0" skipped="0">
  <reporter-output>
  </reporter-output>
  <suite started-at="2023-07-20T07:31:40 GMT" name="Default suite" finished-at="2023-07-20T07:31:46 GMT" duration-ms="5379">
    <groups>
    </groups>
    <test started-at="2023-07-20T07:31:40 GMT" name="Default test" finished-at="2023-07-20T07:31:46 GMT" duration-ms="5379">
      <class name="testScripts.PlaceOrderPage">
        <test-method is-config="true" signature="launchBrowser()[pri:0, instance:testScripts.PlaceOrderPage@ffaa6af]" started-at="2023-07-20T07:31:40 GMT" name="launchBrowser" finished-at="2023-07-20T07:31:45 GMT" duration-ms="4932" status="PASS">
          <reporter-output>
          </reporter-output>
        </test-method> <!-- launchBrowser -->
        <test-method signature="PlaceOrder()[pri:0, instance:testScripts.PlaceOrderPage@ffaa6af]" started-at="2023-07-20T07:31:45 GMT" name="PlaceOrder" finished-at="2023-07-20T07:31:46 GMT" duration-ms="238" status="PASS">
          <reporter-output>
          </reporter-output>
        </test-method> <!-- PlaceOrder -->
        <test-method is-config="true" signature="checkOut()[pri:0, instance:testScripts.PlaceOrderPage@ffaa6af]" started-at="2023-07-20T07:31:46 GMT" name="checkOut" finished-at="2023-07-20T07:31:46 GMT" duration-ms="168" status="PASS">
          <reporter-output>
          </reporter-output>
        </test-method> <!-- checkOut -->
      </class> <!-- testScripts.PlaceOrderPage -->
    </test> <!-- Default test -->
  </suite> <!-- Default suite -->
</testng-results>
