<?xml version="1.0" encoding="UTF-8"?>
<testng-results ignored="0" total="7" passed="7" failed="0" skipped="0">
  <reporter-output>
  </reporter-output>
  <suite started-at="2023-07-18T07:45:21 GMT" name="SampleSuite" finished-at="2023-07-18T07:45:21 GMT" duration-ms="93">
    <groups>
      <group name="featureSix">
        <method signature="SampleTestNG_classThree.testFour()[pri:0, instance:parallelScript.SampleTestNG_classThree@4efc180e]" name="testFour" class="parallelScript.SampleTestNG_classThree"/>
        <method signature="SampleTestNG_classThree.testOne()[pri:0, instance:parallelScript.SampleTestNG_classThree@4efc180e]" name="testOne" class="parallelScript.SampleTestNG_classThree"/>
        <method signature="SampleTestNG_classThree.testThree()[pri:0, instance:parallelScript.SampleTestNG_classThree@4efc180e]" name="testThree" class="parallelScript.SampleTestNG_classThree"/>
        <method signature="SampleTestNG_classThree.testTwo()[pri:0, instance:parallelScript.SampleTestNG_classThree@4efc180e]" name="testTwo" class="parallelScript.SampleTestNG_classThree"/>
      </group> <!-- featureSix -->
      <group name="featurefive">
        <method signature="SampleTestNG_classOne.testThree()[pri:0, instance:parallelScript.SampleTestNG_classOne@5403f35f]" name="testThree" class="parallelScript.SampleTestNG_classOne"/>
      </group> <!-- featurefive -->
      <group name="featurefour">
        <method signature="SampleTestNG_classOne.testOne()[pri:0, instance:parallelScript.SampleTestNG_classOne@5403f35f]" name="testOne" class="parallelScript.SampleTestNG_classOne"/>
        <method signature="SampleTestNG_classOne.testTwo()[pri:0, instance:parallelScript.SampleTestNG_classOne@5403f35f]" name="testTwo" class="parallelScript.SampleTestNG_classOne"/>
      </group> <!-- featurefour -->
    </groups>
    <test started-at="2023-07-18T07:45:21 GMT" name="Test" finished-at="2023-07-18T07:45:21 GMT" duration-ms="93">
      <class name="parallelScript.SampleTestNG_classOne">
        <test-method signature="testOne()[pri:0, instance:parallelScript.SampleTestNG_classOne@5403f35f]" started-at="2023-07-18T07:45:21 GMT" name="testOne" finished-at="2023-07-18T07:45:21 GMT" duration-ms="12" status="PASS">
          <reporter-output>
          </reporter-output>
        </test-method> <!-- testOne -->
        <test-method signature="testThree()[pri:0, instance:parallelScript.SampleTestNG_classOne@5403f35f]" started-at="2023-07-18T07:45:21 GMT" name="testThree" finished-at="2023-07-18T07:45:21 GMT" duration-ms="3" status="PASS">
          <reporter-output>
          </reporter-output>
        </test-method> <!-- testThree -->
        <test-method signature="testTwo()[pri:0, instance:parallelScript.SampleTestNG_classOne@5403f35f]" started-at="2023-07-18T07:45:21 GMT" name="testTwo" finished-at="2023-07-18T07:45:21 GMT" duration-ms="7" status="PASS">
          <reporter-output>
          </reporter-output>
        </test-method> <!-- testTwo -->
      </class> <!-- parallelScript.SampleTestNG_classOne -->
      <class name="parallelScript.SampleTestNG_classThree">
        <test-method signature="testFour()[pri:0, instance:parallelScript.SampleTestNG_classThree@4efc180e]" started-at="2023-07-18T07:45:21 GMT" name="testFour" finished-at="2023-07-18T07:45:21 GMT" duration-ms="12" status="PASS">
          <reporter-output>
          </reporter-output>
        </test-method> <!-- testFour -->
        <test-method signature="testOne()[pri:0, instance:parallelScript.SampleTestNG_classThree@4efc180e]" started-at="2023-07-18T07:45:21 GMT" name="testOne" finished-at="2023-07-18T07:45:21 GMT" duration-ms="3" status="PASS">
          <reporter-output>
          </reporter-output>
        </test-method> <!-- testOne -->
        <test-method signature="testThree()[pri:0, instance:parallelScript.SampleTestNG_classThree@4efc180e]" started-at="2023-07-18T07:45:21 GMT" name="testThree" finished-at="2023-07-18T07:45:21 GMT" duration-ms="4" status="PASS">
          <reporter-output>
          </reporter-output>
        </test-method> <!-- testThree -->
        <test-method signature="testTwo()[pri:0, instance:parallelScript.SampleTestNG_classThree@4efc180e]" started-at="2023-07-18T07:45:21 GMT" name="testTwo" finished-at="2023-07-18T07:45:21 GMT" duration-ms="6" status="PASS">
          <reporter-output>
          </reporter-output>
        </test-method> <!-- testTwo -->
      </class> <!-- parallelScript.SampleTestNG_classThree -->
    </test> <!-- Test -->
  </suite> <!-- SampleSuite -->
</testng-results>
